<?xml version="1.0" encoding="UTF-8"?>
<!-- Generated by org.testng.reporters.JUnitXMLReporter -->
<testsuite ignored="0" hostname="Priyam" failures="0" tests="3" name="Test" time="71.13" errors="0" timestamp="2020-11-05T17:46:54 IST">
  <testcase classname="com.datadriven.framework.test.LoginTest.loginTest" name="testOne" time="33.289"/>
  <testcase classname="com.datadriven.framework.test.LoginTest.loginTest" name="testThree" time="19.094"/>
  <testcase classname="com.datadriven.framework.test.LoginTest.loginTest" name="testTwo" time="10.886"/>
</testsuite> <!-- Test -->
