<?xml version="1.0" encoding="UTF-8"?>
<testng-results ignored="0" total="3" passed="3" failed="0" skipped="0">
  <reporter-output>
  </reporter-output>
  <suite started-at="2020-11-05T17:45:43 IST" name="Suite" finished-at="2020-11-05T17:46:54 IST" duration-ms="71130">
    <groups>
    </groups>
    <test started-at="2020-11-05T17:45:43 IST" name="Test" finished-at="2020-11-05T17:46:54 IST" duration-ms="71130">
      <class name="com.datadriven.framework.test.LoginTest.loginTest">
        <test-method is-config="true" signature="browser()[pri:0, instance:com.datadriven.framework.test.LoginTest.loginTest@74455848]" started-at="2020-11-05T17:45:43 IST" name="browser" finished-at="2020-11-05T17:45:50 IST" duration-ms="7306" status="PASS">
          <reporter-output>
          </reporter-output>
        </test-method> <!-- browser -->
        <test-method signature="testOne()[pri:0, instance:com.datadriven.framework.test.LoginTest.loginTest@74455848]" started-at="2020-11-05T17:45:50 IST" name="testOne" finished-at="2020-11-05T17:46:23 IST" duration-ms="33289" status="PASS">
          <reporter-output>
          </reporter-output>
        </test-method> <!-- testOne -->
        <test-method signature="testThree()[pri:0, instance:com.datadriven.framework.test.LoginTest.loginTest@74455848]" started-at="2020-11-05T17:46:24 IST" name="testThree" finished-at="2020-11-05T17:46:43 IST" duration-ms="19094" status="PASS">
          <reporter-output>
          </reporter-output>
        </test-method> <!-- testThree -->
        <test-method signature="testTwo()[pri:0, instance:com.datadriven.framework.test.LoginTest.loginTest@74455848]" started-at="2020-11-05T17:46:43 IST" name="testTwo" finished-at="2020-11-05T17:46:53 IST" duration-ms="10886" status="PASS">
          <reporter-output>
          </reporter-output>
        </test-method> <!-- testTwo -->
        <test-method is-config="true" signature="close()[pri:0, instance:com.datadriven.framework.test.LoginTest.loginTest@74455848]" started-at="2020-11-05T17:46:53 IST" name="close" finished-at="2020-11-05T17:46:54 IST" duration-ms="465" status="PASS">
          <reporter-output>
          </reporter-output>
        </test-method> <!-- close -->
      </class> <!-- com.datadriven.framework.test.LoginTest.loginTest -->
    </test> <!-- Test -->
  </suite> <!-- Suite -->
</testng-results>
