<?xml version="1.0" encoding="UTF-8"?>
<!-- Generated by org.testng.reporters.JUnitXMLReporter -->
<testsuite ignored="0" hostname="Priyam" failures="0" tests="3" name="Default test" time="71.481" errors="0" timestamp="2020-11-05T15:46:57 IST">
  <testcase classname="com.datadriven.framework.test.LoginTest.loginTest" name="testOne" time="30.687"/>
  <testcase classname="com.datadriven.framework.test.LoginTest.loginTest" name="testThree" time="19.929"/>
  <testcase classname="com.datadriven.framework.test.LoginTest.loginTest" name="testTwo" time="10.803"/>
</testsuite> <!-- Default test -->
